#
# There is insufficient memory for the Java Runtime Environment to continue.
# Native memory allocation (malloc) failed to allocate 1675056 bytes. Error detail: Chunk::new
# Possible reasons:
#   The system is out of physical RAM or swap space
#   This process is running with CompressedOops enabled, and the Java Heap may be blocking the growth of the native heap
# Possible solutions:
#   Reduce memory load on the system
#   Increase physical memory or swap space
#   Check if swap backing store is full
#   Decrease Java heap size (-Xmx/-Xms)
#   Decrease number of Java threads
#   Decrease Java thread stack sizes (-Xss)
#   Set larger code cache with -XX:ReservedCodeCacheSize=
#   JVM is running with Unscaled Compressed Oops mode in which the Java heap is
#     placed in the first 4GB address space. The Java Heap base address is the
#     maximum limit for the native heap growth. Please use -XX:HeapBaseMinAddress
#     to set the Java Heap base and to place the Java Heap above 4GB virtual address.
# This output file may be truncated or incomplete.
#
#  Out of Memory Error (arena.cpp:191), pid=26520, tid=19148
#
# JRE version: OpenJDK Runtime Environment Temurin-17.0.13+11 (17.0.13+11) (build 17.0.13+11)
# Java VM: OpenJDK 64-Bit Server VM Temurin-17.0.13+11 (17.0.13+11, mixed mode, tiered, compressed oops, compressed class ptrs, parallel gc, windows-amd64)
# No core dump will be written. Minidumps are not enabled by default on client versions of Windows
#

---------------  S U M M A R Y ------------

Command Line: --add-modules=ALL-SYSTEM --add-opens=java.base/java.util=ALL-UNNAMED --add-opens=java.base/java.lang=ALL-UNNAMED --add-opens=java.base/sun.nio.fs=ALL-UNNAMED -Declipse.application=org.eclipse.jdt.ls.core.id1 -Dosgi.bundles.defaultStartLevel=4 -Declipse.product=org.eclipse.jdt.ls.core.product -Djava.import.generatesMetadataFilesAtProjectRoot=false -DDetectVMInstallationsJob.disabled=true -Dfile.encoding=utf8 -XX:+UseParallelGC -XX:GCTimeRatio=4 -XX:AdaptiveSizePolicyWeight=90 -Dsun.zip.disableMemoryMapping=true -Xmx1G -Xms100m -Xlog:disable -javaagent:c:\Users\HP\.vscode\extensions\redhat.java-1.38.0-win32-x64\lombok\lombok-1.18.34.jar -XX:+HeapDumpOnOutOfMemoryError -XX:HeapDumpPath=c:\Users\HP\AppData\Roaming\Code\User\workspaceStorage\263f26eff36b94cb288d1ea0658b69dd\redhat.java -Daether.dependencyCollector.impl=bf c:\Users\HP\.vscode\extensions\redhat.java-1.38.0-win32-x64\server\plugins\org.eclipse.equinox.launcher_1.6.900.v20240613-2009.jar -configuration c:\Users\HP\AppData\Roaming\Code\User\globalStorage\redhat.java\1.38.0\config_win -data c:\Users\HP\AppData\Roaming\Code\User\workspaceStorage\263f26eff36b94cb288d1ea0658b69dd\redhat.java\jdt_ws --pipe=\\.\pipe\lsp-ff0e8a68ed75cdca05398ea30c731327-sock

Host: 11th Gen Intel(R) Core(TM) i7-1165G7 @ 2.80GHz, 8 cores, 15G,  Windows 11 , 64 bit Build 26100 (10.0.26100.2454)
Time: Sun Dec 22 16:18:59 2024 Morocco Summer Time elapsed time: 13.268606 seconds (0d 0h 0m 13s)

---------------  T H R E A D  ---------------

Current thread (0x00000256bbe678b0):  JavaThread "C2 CompilerThread0" daemon [_thread_in_native, id=19148, stack(0x0000006630200000,0x0000006630300000)]


Current CompileTask:
C2:  13268 4042   !   4       org.eclipse.osgi.internal.loader.classpath.ClasspathManager::findClassImpl (308 bytes)

Stack: [0x0000006630200000,0x0000006630300000]
Native frames: (J=compiled Java code, j=interpreted, Vv=VM code, C=native code)
V  [jvm.dll+0x682a19]
V  [jvm.dll+0x839538]
V  [jvm.dll+0x83afe3]
V  [jvm.dll+0x83b653]
V  [jvm.dll+0x24704f]
V  [jvm.dll+0xace34]
V  [jvm.dll+0xad4cc]
V  [jvm.dll+0x36592f]
V  [jvm.dll+0x1ba793]
V  [jvm.dll+0x2181a7]
V  [jvm.dll+0x21748f]
V  [jvm.dll+0x1a3070]
V  [jvm.dll+0x22788c]
V  [jvm.dll+0x2259eb]
V  [jvm.dll+0x7eec98]
V  [jvm.dll+0x7e8ffc]
V  [jvm.dll+0x6818f7]
C  [ucrtbase.dll+0x14ea0]
C  [KERNEL32.DLL+0x2e8d7]
C  [ntdll.dll+0xdfbcc]


---------------  P R O C E S S  ---------------

Threads class SMR info:
_java_thread_list=0x00000256bd9ae4a0, length=31, elements={
0x00000256a0f44490, 0x00000256bbe25020, 0x00000256bbe259f0, 0x00000256bbe2dfc0,
0x00000256b6d08230, 0x00000256bbe527c0, 0x00000256bbe629e0, 0x00000256bbe678b0,
0x00000256b6d08f10, 0x00000256b6d0d830, 0x00000256bbe60b80, 0x00000256bbe62ef0,
0x00000256bbe63400, 0x00000256bbe615a0, 0x00000256bbe5fc50, 0x00000256bbe61090,
0x00000256bbe61ab0, 0x00000256bbe60160, 0x00000256bbe624d0, 0x00000256bbe60670,
0x00000256bd749f70, 0x00000256bd748620, 0x00000256bd74a990, 0x00000256bd74bdd0,
0x00000256bd749550, 0x00000256bd748b30, 0x00000256bd74a480, 0x00000256bd74aea0,
0x00000256bd74c2e0, 0x00000256bd74b3b0, 0x00000256bd749a60
}

Java Threads: ( => current thread )
  0x00000256a0f44490 JavaThread "main" [_thread_blocked, id=13196, stack(0x000000662f900000,0x000000662fa00000)]
  0x00000256bbe25020 JavaThread "Reference Handler" daemon [_thread_blocked, id=15368, stack(0x000000662fc00000,0x000000662fd00000)]
  0x00000256bbe259f0 JavaThread "Finalizer" daemon [_thread_blocked, id=2348, stack(0x000000662fd00000,0x000000662fe00000)]
  0x00000256bbe2dfc0 JavaThread "Signal Dispatcher" daemon [_thread_blocked, id=8496, stack(0x000000662fe00000,0x000000662ff00000)]
  0x00000256b6d08230 JavaThread "Attach Listener" daemon [_thread_blocked, id=21576, stack(0x000000662ff00000,0x0000006630000000)]
  0x00000256bbe527c0 JavaThread "Service Thread" daemon [_thread_blocked, id=25484, stack(0x0000006630000000,0x0000006630100000)]
  0x00000256bbe629e0 JavaThread "Monitor Deflation Thread" daemon [_thread_blocked, id=18204, stack(0x0000006630100000,0x0000006630200000)]
=>0x00000256bbe678b0 JavaThread "C2 CompilerThread0" daemon [_thread_in_native, id=19148, stack(0x0000006630200000,0x0000006630300000)]
  0x00000256b6d08f10 JavaThread "C1 CompilerThread0" daemon [_thread_in_vm, id=21272, stack(0x0000006630300000,0x0000006630400000)]
  0x00000256b6d0d830 JavaThread "Sweeper thread" daemon [_thread_blocked, id=19564, stack(0x0000006630400000,0x0000006630500000)]
  0x00000256bbe60b80 JavaThread "Common-Cleaner" daemon [_thread_blocked, id=19764, stack(0x0000006630500000,0x0000006630600000)]
  0x00000256bbe62ef0 JavaThread "Notification Thread" daemon [_thread_blocked, id=26156, stack(0x0000006630600000,0x0000006630700000)]
  0x00000256bbe63400 JavaThread "Equinox resolver thread - Equinox Container: 27c5de49-0242-4827-acea-c1c51658c54c" daemon [_thread_blocked, id=22868, stack(0x0000006630f00000,0x0000006631000000)]
  0x00000256bbe615a0 JavaThread "Equinox resolver thread - Equinox Container: 27c5de49-0242-4827-acea-c1c51658c54c" daemon [_thread_blocked, id=2912, stack(0x0000006631000000,0x0000006631100000)]
  0x00000256bbe5fc50 JavaThread "Equinox resolver thread - Equinox Container: 27c5de49-0242-4827-acea-c1c51658c54c" daemon [_thread_blocked, id=20952, stack(0x0000006631100000,0x0000006631200000)]
  0x00000256bbe61090 JavaThread "Equinox resolver thread - Equinox Container: 27c5de49-0242-4827-acea-c1c51658c54c" daemon [_thread_blocked, id=15988, stack(0x0000006631200000,0x0000006631300000)]
  0x00000256bbe61ab0 JavaThread "Equinox resolver thread - Equinox Container: 27c5de49-0242-4827-acea-c1c51658c54c" daemon [_thread_blocked, id=5824, stack(0x0000006631300000,0x0000006631400000)]
  0x00000256bbe60160 JavaThread "Equinox resolver thread - Equinox Container: 27c5de49-0242-4827-acea-c1c51658c54c" daemon [_thread_blocked, id=20060, stack(0x0000006631400000,0x0000006631500000)]
  0x00000256bbe624d0 JavaThread "Active Thread: Equinox Container: 27c5de49-0242-4827-acea-c1c51658c54c" [_thread_blocked, id=10116, stack(0x0000006631500000,0x0000006631600000)]
  0x00000256bbe60670 JavaThread "Framework Event Dispatcher: Equinox Container: 27c5de49-0242-4827-acea-c1c51658c54c" daemon [_thread_blocked, id=26328, stack(0x0000006630800000,0x0000006630900000)]
  0x00000256bd749f70 JavaThread "Start Level: Equinox Container: 27c5de49-0242-4827-acea-c1c51658c54c" daemon [_thread_in_vm, id=25924, stack(0x0000006630900000,0x0000006630a00000)]
  0x00000256bd748620 JavaThread "Refresh Thread: Equinox Container: 27c5de49-0242-4827-acea-c1c51658c54c" daemon [_thread_blocked, id=25564, stack(0x0000006631a00000,0x0000006631b00000)]
  0x00000256bd74a990 JavaThread "Equinox resolver thread - Equinox Container: 27c5de49-0242-4827-acea-c1c51658c54c" daemon [_thread_blocked, id=3100, stack(0x0000006631b00000,0x0000006631c00000)]
  0x00000256bd74bdd0 JavaThread "Equinox resolver thread - Equinox Container: 27c5de49-0242-4827-acea-c1c51658c54c" daemon [_thread_blocked, id=20940, stack(0x0000006631c00000,0x0000006631d00000)]
  0x00000256bd749550 JavaThread "Bundle File Closer" daemon [_thread_blocked, id=24216, stack(0x0000006631600000,0x0000006631700000)]
  0x00000256bd748b30 JavaThread "SCR Component Actor" daemon [_thread_blocked, id=22116, stack(0x0000006631d00000,0x0000006631e00000)]
  0x00000256bd74a480 JavaThread "SCR Component Registry" daemon [_thread_blocked, id=15764, stack(0x0000006631e00000,0x0000006631f00000)]
  0x00000256bd74aea0 JavaThread "Worker-JM" [_thread_blocked, id=17676, stack(0x0000006631f00000,0x0000006632000000)]
  0x00000256bd74c2e0 JavaThread "Worker-0: Repository registry initialization" [_thread_in_vm, id=24320, stack(0x0000006632000000,0x0000006632100000)]
  0x00000256bd74b3b0 JavaThread "Worker-1: Updating Maven Dependencies" [_thread_blocked, id=20424, stack(0x0000006632100000,0x0000006632200000)]
  0x00000256bd749a60 JavaThread "Worker-2" [_thread_blocked, id=7128, stack(0x0000006632200000,0x0000006632300000)]

Other Threads:
  0x00000256bbe114b0 VMThread "VM Thread" [stack: 0x000000662fb00000,0x000000662fc00000] [id=15444]
  0x00000256bc1a9410 WatcherThread [stack: 0x0000006630700000,0x0000006630800000] [id=12896]
  0x00000256a0f56fe0 GCTaskThread "GC Thread#0" [stack: 0x000000662fa00000,0x000000662fb00000] [id=14512]
  0x00000256bd55ed50 GCTaskThread "GC Thread#1" [stack: 0x0000006630a00000,0x0000006630b00000] [id=18380]
  0x00000256bd6d5770 GCTaskThread "GC Thread#2" [stack: 0x0000006630b00000,0x0000006630c00000] [id=20560]
  0x00000256bd6d5a30 GCTaskThread "GC Thread#3" [stack: 0x0000006630c00000,0x0000006630d00000] [id=16588]
  0x00000256bd6d2770 GCTaskThread "GC Thread#4" [stack: 0x0000006630d00000,0x0000006630e00000] [id=16348]
  0x00000256bd6d2a30 GCTaskThread "GC Thread#5" [stack: 0x0000006630e00000,0x0000006630f00000] [id=14680]
  0x00000256bda72f70 GCTaskThread "GC Thread#6" [stack: 0x0000006631700000,0x0000006631800000] [id=4164]
  0x00000256bda73230 GCTaskThread "GC Thread#7" [stack: 0x0000006631800000,0x0000006631900000] [id=3628]

Threads with active compile tasks:
C2 CompilerThread0    13306 4042   !   4       org.eclipse.osgi.internal.loader.classpath.ClasspathManager::findClassImpl (308 bytes)
C1 CompilerThread0    13306 4100       3       org.eclipse.core.internal.preferences.EclipsePreferences::absolutePath (79 bytes)

VM state: not at safepoint (normal execution)

VM Mutex/Monitor currently owned by a thread: None

Heap address: 0x00000000c0000000, size: 1024 MB, Compressed Oops mode: 32-bit

CDS archive(s) not mapped
Compressed class space mapped at: 0x0000000100000000-0x0000000140000000, reserved size: 1073741824
Narrow klass base: 0x0000000000000000, Narrow klass shift: 3, Narrow klass range: 0x140000000

GC Precious Log:
 CPUs: 8 total, 8 available
 Memory: 16149M
 Large Page Support: Disabled
 NUMA Support: Disabled
 Compressed Oops: Enabled (32-bit)
 Alignments: Space 512K, Generation 512K, Heap 2M
 Heap Min Capacity: 100M
 Heap Initial Capacity: 100M
 Heap Max Capacity: 1G
 Pre-touch: Disabled
 Parallel Workers: 8

Heap:
 PSYoungGen      total 26112K, used 24527K [0x00000000eab00000, 0x00000000ec880000, 0x0000000100000000)
  eden space 23040K, 95% used [0x00000000eab00000,0x00000000ec072f88,0x00000000ec180000)
  from space 3072K, 83% used [0x00000000ec580000,0x00000000ec800ce0,0x00000000ec880000)
  to   space 3072K, 0% used [0x00000000ec280000,0x00000000ec280000,0x00000000ec580000)
 ParOldGen       total 68608K, used 14262K [0x00000000c0000000, 0x00000000c4300000, 0x00000000eab00000)
  object space 68608K, 20% used [0x00000000c0000000,0x00000000c0ded9c0,0x00000000c4300000)
 Metaspace       used 34846K, committed 35648K, reserved 1114112K
  class space    used 3487K, committed 3840K, reserved 1048576K

Card table byte_map: [0x00000256b4580000,0x00000256b4790000] _byte_map_base: 0x00000256b3f80000

Marking Bits: (ParMarkBitMap*) 0x00007ff8e3846940
 Begin Bits: [0x00000256b48f0000, 0x00000256b58f0000)
 End Bits:   [0x00000256b58f0000, 0x00000256b68f0000)

Polling page: 0x00000256a0ed0000

Metaspace:

Usage:
  Non-class:     30.62 MB used.
      Class:      3.41 MB used.
       Both:     34.03 MB used.

Virtual space:
  Non-class space:       64.00 MB reserved,      31.06 MB ( 49%) committed,  1 nodes.
      Class space:        1.00 GB reserved,       3.75 MB ( <1%) committed,  1 nodes.
             Both:        1.06 GB reserved,      34.81 MB (  3%) committed. 

Chunk freelists:
   Non-Class:  864.00 KB
       Class:  12.18 MB
        Both:  13.03 MB

MaxMetaspaceSize: unlimited
CompressedClassSpaceSize: 1.00 GB
Initial GC threshold: 21.00 MB
Current GC threshold: 35.00 MB
CDS: off
MetaspaceReclaimPolicy: balanced
 - commit_granule_bytes: 65536.
 - commit_granule_words: 8192.
 - virtual_space_node_default_size: 8388608.
 - enlarge_chunks_in_place: 1.
 - new_chunks_are_fully_committed: 0.
 - uncommit_free_chunks: 1.
 - use_allocation_guard: 0.
 - handle_deallocations: 1.


Internal statistics:

num_allocs_failed_limit: 3.
num_arena_births: 432.
num_arena_deaths: 0.
num_vsnodes_births: 2.
num_vsnodes_deaths: 0.
num_space_committed: 557.
num_space_uncommitted: 0.
num_chunks_returned_to_freelist: 3.
num_chunks_taken_from_freelist: 1495.
num_chunk_merges: 3.
num_chunk_splits: 993.
num_chunks_enlarged: 651.
num_inconsistent_stats: 0.

CodeHeap 'non-profiled nmethods': size=120000Kb used=1872Kb max_used=1872Kb free=118127Kb
 bounds [0x00000256ace60000, 0x00000256ad0d0000, 0x00000256b4390000]
CodeHeap 'profiled nmethods': size=120000Kb used=8549Kb max_used=8549Kb free=111450Kb
 bounds [0x00000256a5390000, 0x00000256a5bf0000, 0x00000256ac8c0000]
CodeHeap 'non-nmethods': size=5760Kb used=1263Kb max_used=1278Kb free=4496Kb
 bounds [0x00000256ac8c0000, 0x00000256acb30000, 0x00000256ace60000]
 total_blobs=4666 nmethods=4098 adapters=482
 compilation: enabled
              stopped_count=0, restarted_count=0
 full_count=0

Compilation events (20 events):
Event: 12.213 Thread 0x00000256be75e010 nmethod 4061 0x00000256ad030590 code [0x00000256ad030740, 0x00000256ad030c38]
Event: 12.213 Thread 0x00000256be75e010 4045       4       org.eclipse.osgi.internal.loader.classpath.ClasspathEntry::findEntry (56 bytes)
Event: 12.213 Thread 0x00000256b6d08f10 nmethod 4066 0x00000256a5bd0490 code [0x00000256a5bd0640, 0x00000256a5bd0918]
Event: 12.214 Thread 0x00000256b6d08f10 4068       3       java.util.regex.Matcher::matches (10 bytes)
Event: 12.214 Thread 0x00000256b6d08f10 nmethod 4068 0x00000256a5bd0a10 code [0x00000256a5bd0ba0, 0x00000256a5bd0ce8]
Event: 12.228 Thread 0x00000256b6d08f10 4069       3       java.lang.Module::allows (60 bytes)
Event: 12.228 Thread 0x00000256b6d08f10 nmethod 4069 0x00000256a5bd0d90 code [0x00000256a5bd0f80, 0x00000256a5bd1588]
Event: 12.231 Thread 0x00000256b6d08f10 4070       3       java.lang.invoke.InnerClassLambdaMetafactory::getParameterSize (27 bytes)
Event: 12.234 Thread 0x00000256b6d08f10 nmethod 4070 0x00000256a5bd1710 code [0x00000256a5bd18c0, 0x00000256a5bd1ab8]
Event: 12.234 Thread 0x00000256b6d08f10 4071       3       jdk.internal.org.objectweb.asm.MethodVisitor::visitInsn (16 bytes)
Event: 12.234 Thread 0x00000256b6d08f10 nmethod 4071 0x00000256a5bd1b90 code [0x00000256a5bd1d40, 0x00000256a5bd1f48]
Event: 12.235 Thread 0x00000256be75e010 nmethod 4045 0x00000256ad030f10 code [0x00000256ad031140, 0x00000256ad031d98]
Event: 12.235 Thread 0x00000256be75e010 4067       4       org.lombokweb.asm.MethodWriter::canCopyMethodAttributes (163 bytes)
Event: 12.238 Thread 0x00000256be75e010 nmethod 4067 0x00000256ad032690 code [0x00000256ad032820, 0x00000256ad032b98]
Event: 12.238 Thread 0x00000256be75e010 4048       4       org.lombokweb.asm.SymbolTable::get (13 bytes)
Event: 12.239 Thread 0x00000256be75e010 nmethod 4048 0x00000256ad032f10 code [0x00000256ad033080, 0x00000256ad033158]
Event: 12.239 Thread 0x00000256be75e010 4044       4       java.lang.ClassLoader::loadClass (7 bytes)
Event: 12.239 Thread 0x00000256be75e010 nmethod 4044 0x00000256ad033210 code [0x00000256ad033380, 0x00000256ad033418]
Event: 12.980 Thread 0x00000256b6d08f10 4072       3       java.util.concurrent.locks.AbstractQueuedSynchronizer::tryAcquireSharedNanos (62 bytes)
Event: 12.981 Thread 0x00000256b6d08f10 nmethod 4072 0x00000256a5bd2010 code [0x00000256a5bd2220, 0x00000256a5bd27f8]

GC Heap History (20 events):
Event: 3.391 GC heap before
{Heap before GC invocations=2 (full 0):
 PSYoungGen      total 29696K, used 28725K [0x00000000eab00000, 0x00000000ecc00000, 0x0000000100000000)
  eden space 25600K, 100% used [0x00000000eab00000,0x00000000ec400000,0x00000000ec400000)
  from space 4096K, 76% used [0x00000000ec400000,0x00000000ec70d4f8,0x00000000ec800000)
  to   space 4096K, 0% used [0x00000000ec800000,0x00000000ec800000,0x00000000ecc00000)
 ParOldGen       total 68608K, used 16K [0x00000000c0000000, 0x00000000c4300000, 0x00000000eab00000)
  object space 68608K, 0% used [0x00000000c0000000,0x00000000c0004000,0x00000000c4300000)
 Metaspace       used 14229K, committed 14336K, reserved 1114112K
  class space    used 1423K, committed 1472K, reserved 1048576K
}
Event: 3.394 GC heap after
{Heap after GC invocations=2 (full 0):
 PSYoungGen      total 29696K, used 4067K [0x00000000eab00000, 0x00000000ecc00000, 0x0000000100000000)
  eden space 25600K, 0% used [0x00000000eab00000,0x00000000eab00000,0x00000000ec400000)
  from space 4096K, 99% used [0x00000000ec800000,0x00000000ecbf8fd0,0x00000000ecc00000)
  to   space 4096K, 0% used [0x00000000ec400000,0x00000000ec400000,0x00000000ec800000)
 ParOldGen       total 68608K, used 690K [0x00000000c0000000, 0x00000000c4300000, 0x00000000eab00000)
  object space 68608K, 1% used [0x00000000c0000000,0x00000000c00acb60,0x00000000c4300000)
 Metaspace       used 14229K, committed 14336K, reserved 1114112K
  class space    used 1423K, committed 1472K, reserved 1048576K
}
Event: 3.531 GC heap before
{Heap before GC invocations=3 (full 0):
 PSYoungGen      total 29696K, used 29667K [0x00000000eab00000, 0x00000000ecc00000, 0x0000000100000000)
  eden space 25600K, 100% used [0x00000000eab00000,0x00000000ec400000,0x00000000ec400000)
  from space 4096K, 99% used [0x00000000ec800000,0x00000000ecbf8fd0,0x00000000ecc00000)
  to   space 4096K, 0% used [0x00000000ec400000,0x00000000ec400000,0x00000000ec800000)
 ParOldGen       total 68608K, used 690K [0x00000000c0000000, 0x00000000c4300000, 0x00000000eab00000)
  object space 68608K, 1% used [0x00000000c0000000,0x00000000c00acb60,0x00000000c4300000)
 Metaspace       used 14658K, committed 14848K, reserved 1114112K
  class space    used 1457K, committed 1536K, reserved 1048576K
}
Event: 3.536 GC heap after
{Heap after GC invocations=3 (full 0):
 PSYoungGen      total 29696K, used 4084K [0x00000000eab00000, 0x00000000ecc00000, 0x0000000100000000)
  eden space 25600K, 0% used [0x00000000eab00000,0x00000000eab00000,0x00000000ec400000)
  from space 4096K, 99% used [0x00000000ec400000,0x00000000ec7fd230,0x00000000ec800000)
  to   space 4096K, 0% used [0x00000000ec800000,0x00000000ec800000,0x00000000ecc00000)
 ParOldGen       total 68608K, used 6943K [0x00000000c0000000, 0x00000000c4300000, 0x00000000eab00000)
  object space 68608K, 10% used [0x00000000c0000000,0x00000000c06c7d68,0x00000000c4300000)
 Metaspace       used 14658K, committed 14848K, reserved 1114112K
  class space    used 1457K, committed 1536K, reserved 1048576K
}
Event: 5.764 GC heap before
{Heap before GC invocations=4 (full 0):
 PSYoungGen      total 29696K, used 29655K [0x00000000eab00000, 0x00000000ecc00000, 0x0000000100000000)
  eden space 25600K, 99% used [0x00000000eab00000,0x00000000ec3f8d58,0x00000000ec400000)
  from space 4096K, 99% used [0x00000000ec400000,0x00000000ec7fd230,0x00000000ec800000)
  to   space 4096K, 0% used [0x00000000ec800000,0x00000000ec800000,0x00000000ecc00000)
 ParOldGen       total 68608K, used 6943K [0x00000000c0000000, 0x00000000c4300000, 0x00000000eab00000)
  object space 68608K, 10% used [0x00000000c0000000,0x00000000c06c7d68,0x00000000c4300000)
 Metaspace       used 16834K, committed 17088K, reserved 1114112K
  class space    used 1692K, committed 1792K, reserved 1048576K
}
Event: 5.767 GC heap after
{Heap after GC invocations=4 (full 0):
 PSYoungGen      total 29696K, used 4065K [0x00000000eab00000, 0x00000000ecc00000, 0x0000000100000000)
  eden space 25600K, 0% used [0x00000000eab00000,0x00000000eab00000,0x00000000ec400000)
  from space 4096K, 99% used [0x00000000ec800000,0x00000000ecbf8740,0x00000000ecc00000)
  to   space 4096K, 0% used [0x00000000ec400000,0x00000000ec400000,0x00000000ec800000)
 ParOldGen       total 68608K, used 9438K [0x00000000c0000000, 0x00000000c4300000, 0x00000000eab00000)
  object space 68608K, 13% used [0x00000000c0000000,0x00000000c0937970,0x00000000c4300000)
 Metaspace       used 16834K, committed 17088K, reserved 1114112K
  class space    used 1692K, committed 1792K, reserved 1048576K
}
Event: 9.019 GC heap before
{Heap before GC invocations=5 (full 0):
 PSYoungGen      total 29696K, used 29656K [0x00000000eab00000, 0x00000000ecc00000, 0x0000000100000000)
  eden space 25600K, 99% used [0x00000000eab00000,0x00000000ec3fd8d0,0x00000000ec400000)
  from space 4096K, 99% used [0x00000000ec800000,0x00000000ecbf8740,0x00000000ecc00000)
  to   space 4096K, 0% used [0x00000000ec400000,0x00000000ec400000,0x00000000ec800000)
 ParOldGen       total 68608K, used 9438K [0x00000000c0000000, 0x00000000c4300000, 0x00000000eab00000)
  object space 68608K, 13% used [0x00000000c0000000,0x00000000c0937970,0x00000000c4300000)
 Metaspace       used 19843K, committed 20224K, reserved 1114112K
  class space    used 2000K, committed 2176K, reserved 1048576K
}
Event: 9.022 GC heap after
{Heap after GC invocations=5 (full 0):
 PSYoungGen      total 29184K, used 4092K [0x00000000eab00000, 0x00000000ed080000, 0x0000000100000000)
  eden space 25088K, 0% used [0x00000000eab00000,0x00000000eab00000,0x00000000ec380000)
  from space 4096K, 99% used [0x00000000ec400000,0x00000000ec7ff0b0,0x00000000ec800000)
  to   space 6656K, 0% used [0x00000000eca00000,0x00000000eca00000,0x00000000ed080000)
 ParOldGen       total 68608K, used 10902K [0x00000000c0000000, 0x00000000c4300000, 0x00000000eab00000)
  object space 68608K, 15% used [0x00000000c0000000,0x00000000c0aa5bf0,0x00000000c4300000)
 Metaspace       used 19843K, committed 20224K, reserved 1114112K
  class space    used 2000K, committed 2176K, reserved 1048576K
}
Event: 9.113 GC heap before
{Heap before GC invocations=6 (full 0):
 PSYoungGen      total 29184K, used 12545K [0x00000000eab00000, 0x00000000ed080000, 0x0000000100000000)
  eden space 25088K, 33% used [0x00000000eab00000,0x00000000eb341710,0x00000000ec380000)
  from space 4096K, 99% used [0x00000000ec400000,0x00000000ec7ff0b0,0x00000000ec800000)
  to   space 6656K, 0% used [0x00000000eca00000,0x00000000eca00000,0x00000000ed080000)
 ParOldGen       total 68608K, used 10902K [0x00000000c0000000, 0x00000000c4300000, 0x00000000eab00000)
  object space 68608K, 15% used [0x00000000c0000000,0x00000000c0aa5bf0,0x00000000c4300000)
 Metaspace       used 21119K, committed 21504K, reserved 1114112K
  class space    used 2116K, committed 2240K, reserved 1048576K
}
Event: 9.116 GC heap after
{Heap after GC invocations=6 (full 0):
 PSYoungGen      total 30208K, used 4641K [0x00000000eab00000, 0x00000000ecf00000, 0x0000000100000000)
  eden space 25088K, 0% used [0x00000000eab00000,0x00000000eab00000,0x00000000ec380000)
  from space 5120K, 90% used [0x00000000eca00000,0x00000000ece88618,0x00000000ecf00000)
  to   space 5120K, 0% used [0x00000000ec500000,0x00000000ec500000,0x00000000eca00000)
 ParOldGen       total 68608K, used 10902K [0x00000000c0000000, 0x00000000c4300000, 0x00000000eab00000)
  object space 68608K, 15% used [0x00000000c0000000,0x00000000c0aa5bf0,0x00000000c4300000)
 Metaspace       used 21119K, committed 21504K, reserved 1114112K
  class space    used 2116K, committed 2240K, reserved 1048576K
}
Event: 9.116 GC heap before
{Heap before GC invocations=7 (full 1):
 PSYoungGen      total 30208K, used 4641K [0x00000000eab00000, 0x00000000ecf00000, 0x0000000100000000)
  eden space 25088K, 0% used [0x00000000eab00000,0x00000000eab00000,0x00000000ec380000)
  from space 5120K, 90% used [0x00000000eca00000,0x00000000ece88618,0x00000000ecf00000)
  to   space 5120K, 0% used [0x00000000ec500000,0x00000000ec500000,0x00000000eca00000)
 ParOldGen       total 68608K, used 10902K [0x00000000c0000000, 0x00000000c4300000, 0x00000000eab00000)
  object space 68608K, 15% used [0x00000000c0000000,0x00000000c0aa5bf0,0x00000000c4300000)
 Metaspace       used 21119K, committed 21504K, reserved 1114112K
  class space    used 2116K, committed 2240K, reserved 1048576K
}
Event: 9.130 GC heap after
{Heap after GC invocations=7 (full 1):
 PSYoungGen      total 30208K, used 0K [0x00000000eab00000, 0x00000000ecf00000, 0x0000000100000000)
  eden space 25088K, 0% used [0x00000000eab00000,0x00000000eab00000,0x00000000ec380000)
  from space 5120K, 0% used [0x00000000eca00000,0x00000000eca00000,0x00000000ecf00000)
  to   space 5120K, 0% used [0x00000000ec500000,0x00000000ec500000,0x00000000eca00000)
 ParOldGen       total 68608K, used 11022K [0x00000000c0000000, 0x00000000c4300000, 0x00000000eab00000)
  object space 68608K, 16% used [0x00000000c0000000,0x00000000c0ac3b28,0x00000000c4300000)
 Metaspace       used 21119K, committed 21504K, reserved 1114112K
  class space    used 2116K, committed 2240K, reserved 1048576K
}
Event: 9.390 GC heap before
{Heap before GC invocations=8 (full 1):
 PSYoungGen      total 30208K, used 25088K [0x00000000eab00000, 0x00000000ecf00000, 0x0000000100000000)
  eden space 25088K, 100% used [0x00000000eab00000,0x00000000ec380000,0x00000000ec380000)
  from space 5120K, 0% used [0x00000000eca00000,0x00000000eca00000,0x00000000ecf00000)
  to   space 5120K, 0% used [0x00000000ec500000,0x00000000ec500000,0x00000000eca00000)
 ParOldGen       total 68608K, used 11022K [0x00000000c0000000, 0x00000000c4300000, 0x00000000eab00000)
  object space 68608K, 16% used [0x00000000c0000000,0x00000000c0ac3b28,0x00000000c4300000)
 Metaspace       used 24515K, committed 25024K, reserved 1114112K
  class space    used 2485K, committed 2688K, reserved 1048576K
}
Event: 9.392 GC heap after
{Heap after GC invocations=8 (full 1):
 PSYoungGen      total 25600K, used 928K [0x00000000eab00000, 0x00000000eca80000, 0x0000000100000000)
  eden space 24576K, 0% used [0x00000000eab00000,0x00000000eab00000,0x00000000ec300000)
  from space 1024K, 90% used [0x00000000ec500000,0x00000000ec5e8000,0x00000000ec600000)
  to   space 2560K, 0% used [0x00000000ec800000,0x00000000ec800000,0x00000000eca80000)
 ParOldGen       total 68608K, used 11030K [0x00000000c0000000, 0x00000000c4300000, 0x00000000eab00000)
  object space 68608K, 16% used [0x00000000c0000000,0x00000000c0ac5b28,0x00000000c4300000)
 Metaspace       used 24515K, committed 25024K, reserved 1114112K
  class space    used 2485K, committed 2688K, reserved 1048576K
}
Event: 9.746 GC heap before
{Heap before GC invocations=9 (full 1):
 PSYoungGen      total 25600K, used 25503K [0x00000000eab00000, 0x00000000eca80000, 0x0000000100000000)
  eden space 24576K, 99% used [0x00000000eab00000,0x00000000ec2fff40,0x00000000ec300000)
  from space 1024K, 90% used [0x00000000ec500000,0x00000000ec5e8000,0x00000000ec600000)
  to   space 2560K, 0% used [0x00000000ec800000,0x00000000ec800000,0x00000000eca80000)
 ParOldGen       total 68608K, used 11030K [0x00000000c0000000, 0x00000000c4300000, 0x00000000eab00000)
  object space 68608K, 16% used [0x00000000c0000000,0x00000000c0ac5b28,0x00000000c4300000)
 Metaspace       used 27354K, committed 28032K, reserved 1114112K
  class space    used 2764K, committed 3072K, reserved 1048576K
}
Event: 9.749 GC heap after
{Heap after GC invocations=9 (full 1):
 PSYoungGen      total 26624K, used 2532K [0x00000000eab00000, 0x00000000eca80000, 0x0000000100000000)
  eden space 24064K, 0% used [0x00000000eab00000,0x00000000eab00000,0x00000000ec280000)
  from space 2560K, 98% used [0x00000000ec800000,0x00000000eca79298,0x00000000eca80000)
  to   space 4096K, 0% used [0x00000000ec280000,0x00000000ec280000,0x00000000ec680000)
 ParOldGen       total 68608K, used 11865K [0x00000000c0000000, 0x00000000c4300000, 0x00000000eab00000)
  object space 68608K, 17% used [0x00000000c0000000,0x00000000c0b96620,0x00000000c4300000)
 Metaspace       used 27354K, committed 28032K, reserved 1114112K
  class space    used 2764K, committed 3072K, reserved 1048576K
}
Event: 10.952 GC heap before
{Heap before GC invocations=10 (full 1):
 PSYoungGen      total 26624K, used 26596K [0x00000000eab00000, 0x00000000eca80000, 0x0000000100000000)
  eden space 24064K, 100% used [0x00000000eab00000,0x00000000ec280000,0x00000000ec280000)
  from space 2560K, 98% used [0x00000000ec800000,0x00000000eca79298,0x00000000eca80000)
  to   space 4096K, 0% used [0x00000000ec280000,0x00000000ec280000,0x00000000ec680000)
 ParOldGen       total 68608K, used 11865K [0x00000000c0000000, 0x00000000c4300000, 0x00000000eab00000)
  object space 68608K, 17% used [0x00000000c0000000,0x00000000c0b96620,0x00000000c4300000)
 Metaspace       used 29909K, committed 30592K, reserved 1114112K
  class space    used 2948K, committed 3264K, reserved 1048576K
}
Event: 10.954 GC heap after
{Heap after GC invocations=10 (full 1):
 PSYoungGen      total 26624K, used 2771K [0x00000000eab00000, 0x00000000ec880000, 0x0000000100000000)
  eden space 23552K, 0% used [0x00000000eab00000,0x00000000eab00000,0x00000000ec200000)
  from space 3072K, 90% used [0x00000000ec280000,0x00000000ec534fd0,0x00000000ec580000)
  to   space 3072K, 0% used [0x00000000ec580000,0x00000000ec580000,0x00000000ec880000)
 ParOldGen       total 68608K, used 11873K [0x00000000c0000000, 0x00000000c4300000, 0x00000000eab00000)
  object space 68608K, 17% used [0x00000000c0000000,0x00000000c0b98620,0x00000000c4300000)
 Metaspace       used 29909K, committed 30592K, reserved 1114112K
  class space    used 2948K, committed 3264K, reserved 1048576K
}
Event: 12.209 GC heap before
{Heap before GC invocations=11 (full 1):
 PSYoungGen      total 26624K, used 26323K [0x00000000eab00000, 0x00000000ec880000, 0x0000000100000000)
  eden space 23552K, 100% used [0x00000000eab00000,0x00000000ec200000,0x00000000ec200000)
  from space 3072K, 90% used [0x00000000ec280000,0x00000000ec534fd0,0x00000000ec580000)
  to   space 3072K, 0% used [0x00000000ec580000,0x00000000ec580000,0x00000000ec880000)
 ParOldGen       total 68608K, used 11873K [0x00000000c0000000, 0x00000000c4300000, 0x00000000eab00000)
  object space 68608K, 17% used [0x00000000c0000000,0x00000000c0b98620,0x00000000c4300000)
 Metaspace       used 33061K, committed 33728K, reserved 1114112K
  class space    used 3309K, committed 3584K, reserved 1048576K
}
Event: 12.213 GC heap after
{Heap after GC invocations=11 (full 1):
 PSYoungGen      total 26112K, used 2563K [0x00000000eab00000, 0x00000000ec880000, 0x0000000100000000)
  eden space 23040K, 0% used [0x00000000eab00000,0x00000000eab00000,0x00000000ec180000)
  from space 3072K, 83% used [0x00000000ec580000,0x00000000ec800ce0,0x00000000ec880000)
  to   space 3072K, 0% used [0x00000000ec280000,0x00000000ec280000,0x00000000ec580000)
 ParOldGen       total 68608K, used 14262K [0x00000000c0000000, 0x00000000c4300000, 0x00000000eab00000)
  object space 68608K, 20% used [0x00000000c0000000,0x00000000c0ded9c0,0x00000000c4300000)
 Metaspace       used 33061K, committed 33728K, reserved 1114112K
  class space    used 3309K, committed 3584K, reserved 1048576K
}

Dll operation events (11 events):
Event: 0.014 Loaded shared library c:\Users\HP\.vscode\extensions\redhat.java-1.38.0-win32-x64\jre\17.0.13-win32-x86_64\bin\java.dll
Event: 0.144 Loaded shared library c:\Users\HP\.vscode\extensions\redhat.java-1.38.0-win32-x64\jre\17.0.13-win32-x86_64\bin\zip.dll
Event: 0.147 Loaded shared library C:\Users\HP\.vscode\extensions\redhat.java-1.38.0-win32-x64\jre\17.0.13-win32-x86_64\bin\instrument.dll
Event: 0.161 Loaded shared library C:\Users\HP\.vscode\extensions\redhat.java-1.38.0-win32-x64\jre\17.0.13-win32-x86_64\bin\net.dll
Event: 0.163 Loaded shared library C:\Users\HP\.vscode\extensions\redhat.java-1.38.0-win32-x64\jre\17.0.13-win32-x86_64\bin\nio.dll
Event: 0.171 Loaded shared library C:\Users\HP\.vscode\extensions\redhat.java-1.38.0-win32-x64\jre\17.0.13-win32-x86_64\bin\zip.dll
Event: 0.195 Loaded shared library C:\Users\HP\.vscode\extensions\redhat.java-1.38.0-win32-x64\jre\17.0.13-win32-x86_64\bin\jimage.dll
Event: 0.268 Loaded shared library c:\Users\HP\.vscode\extensions\redhat.java-1.38.0-win32-x64\jre\17.0.13-win32-x86_64\bin\verify.dll
Event: 3.493 Loaded shared library C:\Users\HP\AppData\Roaming\Code\User\globalStorage\redhat.java\1.38.0\config_win\org.eclipse.equinox.launcher\org.eclipse.equinox.launcher.win32.win32.x86_64_1.2.1100.v20240722-2106\eclipse_11904.dll
Event: 9.206 Loaded shared library C:\Users\HP\.vscode\extensions\redhat.java-1.38.0-win32-x64\jre\17.0.13-win32-x86_64\bin\management.dll
Event: 9.208 Loaded shared library C:\Users\HP\.vscode\extensions\redhat.java-1.38.0-win32-x64\jre\17.0.13-win32-x86_64\bin\management_ext.dll

Deoptimization events (20 events):
Event: 10.984 Thread 0x00000256bd74c2e0 Uncommon trap: trap_request=0xffffffde fr.pc=0x00000256ad0261b0 relative=0x0000000000000090
Event: 10.984 Thread 0x00000256bd74c2e0 Uncommon trap: reason=class_check action=maybe_recompile pc=0x00000256ad0261b0 method=java.lang.Character.codePointAt(Ljava/lang/CharSequence;I)I @ 2 c2
Event: 10.984 Thread 0x00000256bd74c2e0 DEOPT PACKING pc=0x00000256ad0261b0 sp=0x00000066320fe940
Event: 10.984 Thread 0x00000256bd74c2e0 DEOPT UNPACKING pc=0x00000256ac919ea3 sp=0x00000066320fe8c8 mode 2
Event: 10.984 Thread 0x00000256bd74c2e0 Uncommon trap: trap_request=0xffffffde fr.pc=0x00000256ad0261b0 relative=0x0000000000000090
Event: 10.984 Thread 0x00000256bd74c2e0 Uncommon trap: reason=class_check action=maybe_recompile pc=0x00000256ad0261b0 method=java.lang.Character.codePointAt(Ljava/lang/CharSequence;I)I @ 2 c2
Event: 10.984 Thread 0x00000256bd74c2e0 DEOPT PACKING pc=0x00000256ad0261b0 sp=0x00000066320fe940
Event: 10.984 Thread 0x00000256bd74c2e0 DEOPT UNPACKING pc=0x00000256ac919ea3 sp=0x00000066320fe8c8 mode 2
Event: 10.996 Thread 0x00000256bd74c2e0 Uncommon trap: trap_request=0xffffff45 fr.pc=0x00000256ad02f92c relative=0x00000000000000ac
Event: 10.996 Thread 0x00000256bd74c2e0 Uncommon trap: reason=unstable_if action=reinterpret pc=0x00000256ad02f92c method=org.codehaus.plexus.util.xml.pull.MXParser.more()C @ 8 c2
Event: 10.996 Thread 0x00000256bd74c2e0 DEOPT PACKING pc=0x00000256ad02f92c sp=0x00000066320feb80
Event: 10.996 Thread 0x00000256bd74c2e0 DEOPT UNPACKING pc=0x00000256ac919ea3 sp=0x00000066320feb10 mode 2
Event: 11.152 Thread 0x00000256bd749f70 Uncommon trap: trap_request=0xffffff45 fr.pc=0x00000256ad0276d4 relative=0x0000000000000154
Event: 11.152 Thread 0x00000256bd749f70 Uncommon trap: reason=unstable_if action=reinterpret pc=0x00000256ad0276d4 method=org.lombokweb.asm.ByteVector.putByteArray([BII)Lorg/lombokweb/asm/ByteVector; @ 20 c2
Event: 11.152 Thread 0x00000256bd749f70 DEOPT PACKING pc=0x00000256ad0276d4 sp=0x00000066309eefc0
Event: 11.152 Thread 0x00000256bd749f70 DEOPT UNPACKING pc=0x00000256ac919ea3 sp=0x00000066309eef90 mode 2
Event: 11.152 Thread 0x00000256bd749f70 Uncommon trap: trap_request=0xffffff45 fr.pc=0x00000256ad027054 relative=0x0000000000000334
Event: 11.152 Thread 0x00000256bd749f70 Uncommon trap: reason=unstable_if action=reinterpret pc=0x00000256ad027054 method=org.lombokweb.asm.Label.resolve([BLorg/lombokweb/asm/ByteVector;I)Z @ 81 c2
Event: 11.152 Thread 0x00000256bd749f70 DEOPT PACKING pc=0x00000256ad027054 sp=0x00000066309ef040
Event: 11.152 Thread 0x00000256bd749f70 DEOPT UNPACKING pc=0x00000256ac919ea3 sp=0x00000066309eef48 mode 2

Classes loaded (20 events):
Event: 12.260 Loading class java/util/stream/Nodes$EmptyNode$OfInt
Event: 12.260 Loading class java/util/stream/Node$OfInt
Event: 12.260 Loading class java/util/stream/Node$OfPrimitive
Event: 12.260 Loading class java/util/stream/Node$OfPrimitive done
Event: 12.260 Loading class java/util/stream/Node$OfInt done
Event: 12.260 Loading class java/util/stream/Nodes$EmptyNode$OfInt done
Event: 12.263 Loading class java/util/stream/Nodes$EmptyNode$OfLong
Event: 12.263 Loading class java/util/stream/Node$OfLong
Event: 12.263 Loading class java/util/stream/Node$OfLong done
Event: 12.263 Loading class java/util/stream/Nodes$EmptyNode$OfLong done
Event: 12.263 Loading class java/util/stream/Nodes$EmptyNode$OfDouble
Event: 12.263 Loading class java/util/stream/Node$OfDouble
Event: 12.263 Loading class java/util/stream/Node$OfDouble done
Event: 12.263 Loading class java/util/stream/Nodes$EmptyNode$OfDouble done
Event: 12.263 Loading class java/util/stream/Nodes$FixedNodeBuilder
Event: 13.264 Loading class java/util/stream/Node$Builder
Event: 13.264 Loading class java/util/stream/Node$Builder done
Event: 13.264 Loading class java/util/stream/Nodes$ArrayNode
Event: 13.264 Loading class java/util/stream/Nodes$ArrayNode done
Event: 13.264 Loading class java/util/stream/Nodes$FixedNodeBuilder done

Classes unloaded (0 events):
No events

Classes redefined (0 events):
No events

Internal exceptions (20 events):
Event: 10.919 Thread 0x00000256bd74c2e0 Exception <a 'java/lang/NoSuchMethodError'{0x00000000ec0974e8}: 'java.lang.Object java.lang.invoke.DirectMethodHandle$Holder.invokeStaticInit(java.lang.Object, java.lang.Object, java.lang.Object, java.lang.Object, java.lang.Object, java.lang.Object, java.lang.Object)'> (0x00000000ec0974e8) 
thrown [s\src\hotspot\share\interpreter\linkResolver.cpp, line 759]
Event: 10.920 Thread 0x00000256bd74c2e0 Exception <a 'java/lang/NoSuchMethodError'{0x00000000ec0a01e0}: 'java.lang.Object java.lang.invoke.DirectMethodHandle$Holder.invokeSpecial(java.lang.Object, java.lang.Object, java.lang.Object, java.lang.Object, java.lang.Object, java.lang.Object, java.lang.Object, java.lang.Object, java.lang.Object)'> (0x00000000ec0a01e0) 
thrown [s\src\hotspot\share\interpreter\linkResolver.cpp, line 759]
Event: 10.920 Thread 0x00000256bd74c2e0 Exception <a 'java/lang/NoSuchMethodError'{0x00000000ec0a4e28}: 'java.lang.Object java.lang.invoke.Invokers$Holder.invoke_MT(java.lang.Object, java.lang.Object, java.lang.Object, java.lang.Object, java.lang.Object, java.lang.Object, java.lang.Object, java.lang.Object, java.lang.Object)'> (0x00000000ec0a4e28) 
thrown [s\src\hotspot\share\interpreter\linkResolver.cpp, line 759]
Event: 10.944 Thread 0x00000256bd74c2e0 Exception <a 'java/lang/NoSuchMethodError'{0x00000000ec1996a0}: 'int java.lang.invoke.DirectMethodHandle$Holder.invokeVirtual(java.lang.Object, java.lang.Object, java.lang.Object)'> (0x00000000ec1996a0) 
thrown [s\src\hotspot\share\interpreter\linkResolver.cpp, line 759]
Event: 10.945 Thread 0x00000256bd74c2e0 Exception <a 'java/lang/NoSuchMethodError'{0x00000000ec19cf58}: 'int java.lang.invoke.DirectMethodHandle$Holder.invokeVirtual(java.lang.Object, java.lang.Object)'> (0x00000000ec19cf58) 
thrown [s\src\hotspot\share\interpreter\linkResolver.cpp, line 759]
Event: 10.945 Thread 0x00000256bd74c2e0 Exception <a 'java/lang/NoSuchMethodError'{0x00000000ec1a1218}: 'int java.lang.invoke.DirectMethodHandle$Holder.invokeStaticInit(java.lang.Object, java.lang.Object, java.lang.Object)'> (0x00000000ec1a1218) 
thrown [s\src\hotspot\share\interpreter\linkResolver.cpp, line 759]
Event: 10.945 Thread 0x00000256bd74c2e0 Exception <a 'java/lang/NoSuchMethodError'{0x00000000ec1a4db0}: 'int java.lang.invoke.DirectMethodHandle$Holder.invokeStaticInit(java.lang.Object, int, int)'> (0x00000000ec1a4db0) 
thrown [s\src\hotspot\share\interpreter\linkResolver.cpp, line 759]
Event: 10.946 Thread 0x00000256bd74c2e0 Exception <a 'java/lang/NoSuchMethodError'{0x00000000ec1af028}: 'int java.lang.invoke.DirectMethodHandle$Holder.invokeStaticInit(java.lang.Object, long, long)'> (0x00000000ec1af028) 
thrown [s\src\hotspot\share\interpreter\linkResolver.cpp, line 759]
Event: 10.946 Thread 0x00000256bd74c2e0 Exception <a 'java/lang/NoSuchMethodError'{0x00000000ec1b6138}: 'int java.lang.invoke.DirectMethodHandle$Holder.invokeStaticInit(java.lang.Object, float, float)'> (0x00000000ec1b6138) 
thrown [s\src\hotspot\share\interpreter\linkResolver.cpp, line 759]
Event: 10.946 Thread 0x00000256bd74c2e0 Exception <a 'java/lang/NoSuchMethodError'{0x00000000ec1df758}: 'int java.lang.invoke.DirectMethodHandle$Holder.invokeStaticInit(java.lang.Object, double, double)'> (0x00000000ec1df758) 
thrown [s\src\hotspot\share\interpreter\linkResolver.cpp, line 759]
Event: 10.946 Thread 0x00000256bd74c2e0 Exception <a 'java/lang/NoSuchMethodError'{0x00000000ec1e9988}: 'int java.lang.invoke.DirectMethodHandle$Holder.invokeStatic(java.lang.Object, long)'> (0x00000000ec1e9988) 
thrown [s\src\hotspot\share\interpreter\linkResolver.cpp, line 759]
Event: 10.949 Thread 0x00000256bd74c2e0 Exception <a 'java/lang/NoSuchMethodError'{0x00000000ec20f5f0}: 'int java.lang.invoke.DirectMethodHandle$Holder.invokeSpecial(java.lang.Object, java.lang.Object, int, int)'> (0x00000000ec20f5f0) 
thrown [s\src\hotspot\share\interpreter\linkResolver.cpp, line 759]
Event: 10.951 Thread 0x00000256bd74c2e0 Exception <a 'java/lang/NoSuchMethodError'{0x00000000ec239ac0}: 'int java.lang.invoke.Invokers$Holder.linkToTargetMethod(java.lang.Object, java.lang.Object)'> (0x00000000ec239ac0) 
thrown [s\src\hotspot\share\interpreter\linkResolver.cpp, line 759]
Event: 10.971 Thread 0x00000256bd74b3b0 Exception <a 'java/lang/NoSuchMethodError'{0x00000000eac59938}: 'int java.lang.invoke.DirectMethodHandle$Holder.invokeSpecial(java.lang.Object, java.lang.Object, java.lang.Object, java.lang.Object)'> (0x00000000eac59938) 
thrown [s\src\hotspot\share\interpreter\linkResolver.cpp, line 759]
Event: 10.974 Thread 0x00000256bd74b3b0 Exception <a 'java/lang/NoSuchMethodError'{0x00000000eacb5258}: 'java.lang.Object java.lang.invoke.DirectMethodHandle$Holder.invokeStatic(java.lang.Object, int, java.lang.Object, java.lang.Object)'> (0x00000000eacb5258) 
thrown [s\src\hotspot\share\interpreter\linkResolver.cpp, line 759]
Event: 10.974 Thread 0x00000256bd74b3b0 Exception <a 'java/lang/NoSuchMethodError'{0x00000000eacc4ac0}: 'java.lang.Object java.lang.invoke.DelegatingMethodHandle$Holder.delegate(java.lang.Object, int, java.lang.Object, java.lang.Object)'> (0x00000000eacc4ac0) 
thrown [s\src\hotspot\share\interpreter\linkResolver.cpp, line 759]
Event: 10.977 Thread 0x00000256bd74b3b0 Exception <a 'java/lang/NoSuchMethodError'{0x00000000ead41008}: 'int java.lang.invoke.Invokers$Holder.linkToTargetMethod(java.lang.Object, java.lang.Object, java.lang.Object)'> (0x00000000ead41008) 
thrown [s\src\hotspot\share\interpreter\linkResolver.cpp, line 759]
Event: 11.004 Thread 0x00000256bd74c2e0 Exception <a 'java/lang/NoSuchMethodError'{0x00000000eafe5c60}: 'java.lang.Object java.lang.invoke.DirectMethodHandle$Holder.invokeSpecialIFC(java.lang.Object, java.lang.Object, java.lang.Object, java.lang.Object)'> (0x00000000eafe5c60) 
thrown [s\src\hotspot\share\interpreter\linkResolver.cpp, line 759]
Event: 11.152 Thread 0x00000256bd749f70 Implicit null exception at 0x00000256ad0275c8 to 0x00000256ad0276b4
Event: 12.229 Thread 0x00000256bd74c2e0 Exception <a 'java/lang/NoSuchMethodError'{0x00000000eae46ef8}: 'int java.lang.invoke.DirectMethodHandle$Holder.invokeStatic(java.lang.Object, java.lang.Object, java.lang.Object, java.lang.Object, java.lang.Object)'> (0x00000000eae46ef8) 
thrown [s\src\hotspot\share\interpreter\linkResolver.cpp, line 759]

VM Operations (20 events):
Event: 9.385 Executing VM operation: ICBufferFull
Event: 9.385 Executing VM operation: ICBufferFull done
Event: 9.390 Executing VM operation: ParallelGCFailedAllocation
Event: 9.392 Executing VM operation: ParallelGCFailedAllocation done
Event: 9.746 Executing VM operation: ParallelGCFailedAllocation
Event: 9.749 Executing VM operation: ParallelGCFailedAllocation done
Event: 10.749 Executing VM operation: Cleanup
Event: 10.911 Executing VM operation: Cleanup done
Event: 10.951 Executing VM operation: ParallelGCFailedAllocation
Event: 10.954 Executing VM operation: ParallelGCFailedAllocation done
Event: 10.969 Executing VM operation: HandshakeAllThreads
Event: 10.969 Executing VM operation: HandshakeAllThreads done
Event: 10.973 Executing VM operation: HandshakeAllThreads
Event: 10.973 Executing VM operation: HandshakeAllThreads done
Event: 11.973 Executing VM operation: Cleanup
Event: 12.204 Executing VM operation: Cleanup done
Event: 12.209 Executing VM operation: ParallelGCFailedAllocation
Event: 12.213 Executing VM operation: ParallelGCFailedAllocation done
Event: 13.213 Executing VM operation: Cleanup
Event: 13.264 Executing VM operation: Cleanup done

Memory protections (0 events):
No events

Nmethod flushes (0 events):
No events

Events (20 events):
Event: 3.381 Thread 0x00000256b6d08f10 Thread added: 0x00000256bd8b8140
Event: 3.408 Thread 0x00000256b6d08f10 Thread added: 0x00000256bda284d0
Event: 3.488 Thread 0x00000256a0f44490 Thread added: 0x00000256bd748620
Event: 3.521 Thread 0x00000256bd748620 Thread added: 0x00000256bd74a990
Event: 3.521 Thread 0x00000256bd748620 Thread added: 0x00000256bd74bdd0
Event: 3.887 Thread 0x00000256bda284d0 Thread exited: 0x00000256bda284d0
Event: 3.887 Thread 0x00000256bd8b8140 Thread exited: 0x00000256bd8b8140
Event: 4.048 Thread 0x00000256bd749f70 Thread added: 0x00000256bd749550
Event: 5.718 Thread 0x00000256b6d08f10 Thread added: 0x00000256bda284d0
Event: 5.888 Thread 0x00000256bda284d0 Thread exited: 0x00000256bda284d0
Event: 8.832 Thread 0x00000256b6d08f10 Thread added: 0x00000256be4a73a0
Event: 8.847 Thread 0x00000256bd749f70 Thread added: 0x00000256bd748b30
Event: 8.907 Thread 0x00000256bd749f70 Thread added: 0x00000256bd74a480
Event: 9.138 Thread 0x00000256bd749f70 Thread added: 0x00000256bd74aea0
Event: 9.256 Thread 0x00000256bd749f70 Thread added: 0x00000256bd74c2e0
Event: 9.268 Thread 0x00000256bd749f70 Thread added: 0x00000256bd74b3b0
Event: 10.739 Thread 0x00000256be4a73a0 Thread exited: 0x00000256be4a73a0
Event: 10.739 Thread 0x00000256bd74b3b0 Thread added: 0x00000256bd749a60
Event: 12.204 Thread 0x00000256b6d08f10 Thread added: 0x00000256be75e010
Event: 13.263 Thread 0x00000256be75e010 Thread exited: 0x00000256be75e010


Dynamic libraries:
0x00007ff6f3620000 - 0x00007ff6f362e000 	c:\Users\HP\.vscode\extensions\redhat.java-1.38.0-win32-x64\jre\17.0.13-win32-x86_64\bin\java.exe
0x00007ff95e920000 - 0x00007ff95eb83000 	C:\WINDOWS\SYSTEM32\ntdll.dll
0x00007ff95d530000 - 0x00007ff95d5f8000 	C:\WINDOWS\System32\KERNEL32.DLL
0x00007ff95c240000 - 0x00007ff95c5f2000 	C:\WINDOWS\System32\KERNELBASE.dll
0x00007ff95c630000 - 0x00007ff95c77b000 	C:\WINDOWS\System32\ucrtbase.dll
0x00007ff951230000 - 0x00007ff951247000 	c:\Users\HP\.vscode\extensions\redhat.java-1.38.0-win32-x64\jre\17.0.13-win32-x86_64\bin\jli.dll
0x00007ff94a8a0000 - 0x00007ff94a8be000 	c:\Users\HP\.vscode\extensions\redhat.java-1.38.0-win32-x64\jre\17.0.13-win32-x86_64\bin\VCRUNTIME140.dll
0x00007ff929bd0000 - 0x00007ff929e60000 	C:\WINDOWS\WinSxS\amd64_microsoft.windows.common-controls_6595b64144ccf1df_6.0.26100.2454_none_3e0b68a2e331ad60\COMCTL32.dll
0x00007ff95d340000 - 0x00007ff95d3e9000 	C:\WINDOWS\System32\msvcrt.dll
0x00007ff95d0c0000 - 0x00007ff95d288000 	C:\WINDOWS\System32\USER32.dll
0x00007ff95ce70000 - 0x00007ff95ce9a000 	C:\WINDOWS\System32\GDI32.dll
0x00007ff95c600000 - 0x00007ff95c627000 	C:\WINDOWS\System32\win32u.dll
0x00007ff95bfc0000 - 0x00007ff95c0eb000 	C:\WINDOWS\System32\gdi32full.dll
0x00007ff95c0f0000 - 0x00007ff95c193000 	C:\WINDOWS\System32\msvcp_win.dll
0x00007ff95e8a0000 - 0x00007ff95e8cf000 	C:\WINDOWS\System32\IMM32.DLL
0x00007ff953ea0000 - 0x00007ff953eac000 	c:\Users\HP\.vscode\extensions\redhat.java-1.38.0-win32-x64\jre\17.0.13-win32-x86_64\bin\vcruntime140_1.dll
0x00007ff92ee10000 - 0x00007ff92ee9d000 	c:\Users\HP\.vscode\extensions\redhat.java-1.38.0-win32-x64\jre\17.0.13-win32-x86_64\bin\msvcp140.dll
0x00007ff8e2ca0000 - 0x00007ff8e390b000 	c:\Users\HP\.vscode\extensions\redhat.java-1.38.0-win32-x64\jre\17.0.13-win32-x86_64\bin\server\jvm.dll
0x00007ff95d3f0000 - 0x00007ff95d4a4000 	C:\WINDOWS\System32\ADVAPI32.dll
0x00007ff95e100000 - 0x00007ff95e1a6000 	C:\WINDOWS\System32\sechost.dll
0x00007ff95df60000 - 0x00007ff95e076000 	C:\WINDOWS\System32\RPCRT4.dll
0x00007ff95d4b0000 - 0x00007ff95d524000 	C:\WINDOWS\System32\WS2_32.dll
0x00007ff95bb80000 - 0x00007ff95bbce000 	C:\WINDOWS\SYSTEM32\POWRPROF.dll
0x00007ff951180000 - 0x00007ff9511b6000 	C:\WINDOWS\SYSTEM32\WINMM.dll
0x00007ff948490000 - 0x00007ff94849b000 	C:\WINDOWS\SYSTEM32\VERSION.dll
0x00007ff95bb60000 - 0x00007ff95bb74000 	C:\WINDOWS\SYSTEM32\UMPDC.dll
0x00007ff95aaf0000 - 0x00007ff95ab0a000 	C:\WINDOWS\SYSTEM32\kernel.appcore.dll
0x00007ff94a890000 - 0x00007ff94a89a000 	c:\Users\HP\.vscode\extensions\redhat.java-1.38.0-win32-x64\jre\17.0.13-win32-x86_64\bin\jimage.dll
0x00007ff958ea0000 - 0x00007ff9590e1000 	C:\WINDOWS\SYSTEM32\DBGHELP.DLL
0x00007ff95e380000 - 0x00007ff95e6fe000 	C:\WINDOWS\System32\combase.dll
0x00007ff95cc30000 - 0x00007ff95cd06000 	C:\WINDOWS\System32\OLEAUT32.dll
0x00007ff941230000 - 0x00007ff941269000 	C:\WINDOWS\SYSTEM32\dbgcore.DLL
0x00007ff95c1a0000 - 0x00007ff95c239000 	C:\WINDOWS\System32\bcryptPrimitives.dll
0x00007ff94a880000 - 0x00007ff94a88e000 	c:\Users\HP\.vscode\extensions\redhat.java-1.38.0-win32-x64\jre\17.0.13-win32-x86_64\bin\instrument.dll
0x00007ff949d40000 - 0x00007ff949d65000 	c:\Users\HP\.vscode\extensions\redhat.java-1.38.0-win32-x64\jre\17.0.13-win32-x86_64\bin\java.dll
0x00007ff94a670000 - 0x00007ff94a688000 	c:\Users\HP\.vscode\extensions\redhat.java-1.38.0-win32-x64\jre\17.0.13-win32-x86_64\bin\zip.dll
0x00007ff95d7a0000 - 0x00007ff95dea0000 	C:\WINDOWS\System32\SHELL32.dll
0x00007ff9599c0000 - 0x00007ff95a1f1000 	C:\WINDOWS\SYSTEM32\windows.storage.dll
0x00007ff95cea0000 - 0x00007ff95cf7a000 	C:\WINDOWS\System32\SHCORE.dll
0x00007ff95d290000 - 0x00007ff95d2ed000 	C:\WINDOWS\System32\shlwapi.dll
0x00007ff95bc00000 - 0x00007ff95bc2e000 	C:\WINDOWS\SYSTEM32\profapi.dll
0x00007ff949d20000 - 0x00007ff949d39000 	C:\Users\HP\.vscode\extensions\redhat.java-1.38.0-win32-x64\jre\17.0.13-win32-x86_64\bin\net.dll
0x00007ff94c750000 - 0x00007ff94c876000 	C:\WINDOWS\SYSTEM32\WINHTTP.dll
0x00007ff95afd0000 - 0x00007ff95b038000 	C:\WINDOWS\system32\mswsock.dll
0x00007ff947fa0000 - 0x00007ff947fb6000 	C:\Users\HP\.vscode\extensions\redhat.java-1.38.0-win32-x64\jre\17.0.13-win32-x86_64\bin\nio.dll
0x00007ff94a870000 - 0x00007ff94a880000 	c:\Users\HP\.vscode\extensions\redhat.java-1.38.0-win32-x64\jre\17.0.13-win32-x86_64\bin\verify.dll
0x00007ff91d8a0000 - 0x00007ff91d8e5000 	C:\Users\HP\AppData\Roaming\Code\User\globalStorage\redhat.java\1.38.0\config_win\org.eclipse.equinox.launcher\org.eclipse.equinox.launcher.win32.win32.x86_64_1.2.1100.v20240722-2106\eclipse_11904.dll
0x00007ff95d600000 - 0x00007ff95d799000 	C:\WINDOWS\System32\ole32.dll
0x00007ff94a640000 - 0x00007ff94a64a000 	C:\Users\HP\.vscode\extensions\redhat.java-1.38.0-win32-x64\jre\17.0.13-win32-x86_64\bin\management.dll
0x00007ff949d10000 - 0x00007ff949d1b000 	C:\Users\HP\.vscode\extensions\redhat.java-1.38.0-win32-x64\jre\17.0.13-win32-x86_64\bin\management_ext.dll
0x00007ff95c780000 - 0x00007ff95c788000 	C:\WINDOWS\System32\PSAPI.DLL

dbghelp: loaded successfully - version: 4.0.5 - missing functions: none
symbol engine: initialized successfully - sym options: 0x614 - pdb path: .;c:\Users\HP\.vscode\extensions\redhat.java-1.38.0-win32-x64\jre\17.0.13-win32-x86_64\bin;C:\WINDOWS\SYSTEM32;C:\WINDOWS\WinSxS\amd64_microsoft.windows.common-controls_6595b64144ccf1df_6.0.26100.2454_none_3e0b68a2e331ad60;c:\Users\HP\.vscode\extensions\redhat.java-1.38.0-win32-x64\jre\17.0.13-win32-x86_64\bin\server;C:\Users\HP\AppData\Roaming\Code\User\globalStorage\redhat.java\1.38.0\config_win\org.eclipse.equinox.launcher\org.eclipse.equinox.launcher.win32.win32.x86_64_1.2.1100.v20240722-2106

VM Arguments:
jvm_args: --add-modules=ALL-SYSTEM --add-opens=java.base/java.util=ALL-UNNAMED --add-opens=java.base/java.lang=ALL-UNNAMED --add-opens=java.base/sun.nio.fs=ALL-UNNAMED -Declipse.application=org.eclipse.jdt.ls.core.id1 -Dosgi.bundles.defaultStartLevel=4 -Declipse.product=org.eclipse.jdt.ls.core.product -Djava.import.generatesMetadataFilesAtProjectRoot=false -DDetectVMInstallationsJob.disabled=true -Dfile.encoding=utf8 -XX:+UseParallelGC -XX:GCTimeRatio=4 -XX:AdaptiveSizePolicyWeight=90 -Dsun.zip.disableMemoryMapping=true -Xmx1G -Xms100m -Xlog:disable -javaagent:c:\Users\HP\.vscode\extensions\redhat.java-1.38.0-win32-x64\lombok\lombok-1.18.34.jar -XX:+HeapDumpOnOutOfMemoryError -XX:HeapDumpPath=c:\Users\HP\AppData\Roaming\Code\User\workspaceStorage\263f26eff36b94cb288d1ea0658b69dd\redhat.java -Daether.dependencyCollector.impl=bf 
java_command: c:\Users\HP\.vscode\extensions\redhat.java-1.38.0-win32-x64\server\plugins\org.eclipse.equinox.launcher_1.6.900.v20240613-2009.jar -configuration c:\Users\HP\AppData\Roaming\Code\User\globalStorage\redhat.java\1.38.0\config_win -data c:\Users\HP\AppData\Roaming\Code\User\workspaceStorage\263f26eff36b94cb288d1ea0658b69dd\redhat.java\jdt_ws --pipe=\\.\pipe\lsp-ff0e8a68ed75cdca05398ea30c731327-sock
java_class_path (initial): c:\Users\HP\.vscode\extensions\redhat.java-1.38.0-win32-x64\server\plugins\org.eclipse.equinox.launcher_1.6.900.v20240613-2009.jar
Launcher Type: SUN_STANDARD

[Global flags]
    uintx AdaptiveSizePolicyWeight                 = 90                                        {product} {command line}
     intx CICompilerCount                          = 4                                         {product} {ergonomic}
    uintx GCTimeRatio                              = 4                                         {product} {command line}
     bool HeapDumpOnOutOfMemoryError               = true                                   {manageable} {command line}
    ccstr HeapDumpPath                             = c:\Users\HP\AppData\Roaming\Code\User\workspaceStorage\263f26eff36b94cb288d1ea0658b69dd\redhat.java         {manageable} {command line}
   size_t InitialHeapSize                          = 104857600                                 {product} {command line}
   size_t MaxHeapSize                              = 1073741824                                {product} {command line}
   size_t MaxNewSize                               = 357564416                                 {product} {ergonomic}
   size_t MinHeapDeltaBytes                        = 524288                                    {product} {ergonomic}
   size_t MinHeapSize                              = 104857600                                 {product} {command line}
   size_t NewSize                                  = 34603008                                  {product} {ergonomic}
    uintx NonNMethodCodeHeapSize                   = 5839372                                {pd product} {ergonomic}
    uintx NonProfiledCodeHeapSize                  = 122909434                              {pd product} {ergonomic}
   size_t OldSize                                  = 70254592                                  {product} {ergonomic}
    uintx ProfiledCodeHeapSize                     = 122909434                              {pd product} {ergonomic}
    uintx ReservedCodeCacheSize                    = 251658240                              {pd product} {ergonomic}
     bool SegmentedCodeCache                       = true                                      {product} {ergonomic}
   size_t SoftMaxHeapSize                          = 1073741824                             {manageable} {ergonomic}
     bool UseCompressedClassPointers               = true                           {product lp64_product} {ergonomic}
     bool UseCompressedOops                        = true                           {product lp64_product} {ergonomic}
     bool UseLargePagesIndividualAllocation        = false                                  {pd product} {ergonomic}
     bool UseParallelGC                            = true                                      {product} {command line}

Logging:
Log output configuration:
 #0: stdout all=off uptime,level,tags
 #1: stderr all=off uptime,level,tags

Environment Variables:
PATH=C:\Users\HP\bin;C:\Program Files\Git\mingw64\bin;C:\Program Files\Git\usr\local\bin;C:\Program Files\Git\usr\bin;C:\Program Files\Git\usr\bin;C:\Program Files\Git\mingw64\bin;C:\Program Files\Git\usr\bin;C:\Users\HP\bin;C:\Program Files\Common Files\Oracle\Java\javapath;C:\Python312\Scripts;C:\Python312;C:\ProgramData\watcom-1.3\binnt;C:\ProgramData\watcom-1.3\binw;C:\Windows\system32;C:\Windows;C:\Windows\System32\Wbem;C:\Windows\System32\WindowsPowerShell\v1.0;C:\Windows\System32\OpenSSH;C:\WINDOWS\system32;C:\WINDOWS;C:\WINDOWS\System32\Wbem;C:\WINDOWS\System32\WindowsPowerShell\v1.0;C:\WINDOWS\System32\OpenSSH;C:\Program Files\Microsoft SQL Server\Client SDK\ODBC\170\Tools\Binn;C:\Program Files\Java\jdk-20\bin;C:\Program Files\Polyspace\R2019a\runtime\win64;C:\Program Files\Polyspace\R2019a\bin;C:\Program Files\Polyspace\R2019a\polyspace\bin;C:\Program Files\Git\cmd;C:\Program Files\dotnet;C:\xampp\php;C:\ProgramData\ComposerSetup\bin;C:\Program Files\nodejs;C:\ProgramData\chocolatey\bin;C:\Program Files\Docker\Docker\resources\bin;C:\Program Files\Microsoft SQL Server\Client SDK\ODBC\110\Tools\Binn;C:\Program Files (x86)\Microsoft SQL Server\120\Tools\Binn;C:\Program Files\Microsoft SQL Server\120\Tools\Binn;C:\Program Files\Microsoft SQL Server\120\DTS\Binn;C:\Program Files (x86)\Microsoft SQL Server\120\Tools\Binn\ManagementStudio;C:\Program Files (x86)\Microsoft SQL Server\120\DTS\Binn;C:\Users\HP\AppData\Local\Programs\Python\Python311\Scripts;C:\Users\HP\AppData\Local\Programs\Python\Python311;C:\Users\HP\AppData\Local\Microsoft\WindowsApps;C:\Program Files\CodeBlocks\MinGW\bin;C:\Users\HP\AppData\Local\Programs\Microsoft VS Code\bin;C:\Program Files\JetBrains\PyCharm Community Edition 2022.1.3\bin;C:\Program Files\Azure Data Studio\bin;C:\Users\HP\AppData\Local\Packages\PythonSoftwareFoundation.Python.3.10_qbz5n2kfra8p0\LocalCache\local-packages\Python310\Scripts;C:\Users\HP\AppData\Local\Packages\PythonSoftwareFoundation.Python.3.11_qbz5n2kfra8p0\Local
USERNAME=HP
SHELL=C:\Program Files\Git\usr\bin\bash.exe
DISPLAY=needs-to-be-defined
LC_CTYPE=en_GB.UTF-8
TERM=xterm
TMPDIR=C:\Users\HP\AppData\Local\Temp
OS=Windows_NT
PROCESSOR_IDENTIFIER=Intel64 Family 6 Model 140 Stepping 1, GenuineIntel
TMP=C:\Users\HP\AppData\Local\Temp
TEMP=C:\Users\HP\AppData\Local\Temp



Periodic native trim disabled


---------------  S Y S T E M  ---------------

OS:
 Windows 11 , 64 bit Build 26100 (10.0.26100.2454)
OS uptime: 3 days 0:30 hours
Hyper-V role detected

CPU: total 8 (initial active 8) (4 cores per cpu, 2 threads per core) family 6 model 140 stepping 1 microcode 0xac, cx8, cmov, fxsr, ht, mmx, 3dnowpref, sse, sse2, sse3, ssse3, sse4.1, sse4.2, popcnt, lzcnt, tsc, tscinvbit, avx, avx2, aes, erms, clmul, bmi1, bmi2, adx, avx512f, avx512dq, avx512cd, avx512bw, avx512vl, sha, fma, vzeroupper, avx512_vpopcntdq, avx512_vpclmulqdq, avx512_vaes, avx512_vnni, clflush, clflushopt, clwb, avx512_vbmi2, avx512_vbmi, hv
Processor Information for processor 0
  Max Mhz: 2803, Current Mhz: 2803, Mhz Limit: 2803
Processor Information for processor 1
  Max Mhz: 2803, Current Mhz: 2803, Mhz Limit: 2803
Processor Information for processor 2
  Max Mhz: 2803, Current Mhz: 2803, Mhz Limit: 2803
Processor Information for processor 3
  Max Mhz: 2803, Current Mhz: 2803, Mhz Limit: 2803
Processor Information for processor 4
  Max Mhz: 2803, Current Mhz: 2803, Mhz Limit: 2803
Processor Information for processor 5
  Max Mhz: 2803, Current Mhz: 1201, Mhz Limit: 2803
Processor Information for processor 6
  Max Mhz: 2803, Current Mhz: 2803, Mhz Limit: 2803
Processor Information for processor 7
  Max Mhz: 2803, Current Mhz: 2803, Mhz Limit: 2803

Memory: 4k page, system-wide physical 16149M (3136M free)
TotalPageFile size 21149M (AvailPageFile size 7M)
current process WorkingSet (physical memory assigned to process): 157M, peak: 157M
current process commit charge ("private bytes"): 254M, peak: 254M

vm_info: OpenJDK 64-Bit Server VM (17.0.13+11) for windows-amd64 JRE (17.0.13+11), built on Oct 16 2024 00:10:08 by "admin" with MS VC++ 17.7 (VS2022)

END.
